<?xml version="1.0" encoding="UTF-8"?>
<testng-results ignored="0" total="2" passed="2" failed="0" skipped="0">
  <reporter-output>
    <line>
      <![CDATA[Start]]>
    </line>
    <line>
      <![CDATA[Start]]>
    </line>
  </reporter-output>
  <suite started-at="2026-02-19T22:05:56 IST" name="Suite" finished-at="2026-02-19T22:06:08 IST" duration-ms="12723">
    <groups>
    </groups>
    <test started-at="2026-02-19T22:05:56 IST" name="Test" finished-at="2026-02-19T22:06:02 IST" duration-ms="6455">
      <class name="Device_Journey.TestOne">
        <test-method is-config="true" signature="precondition(java.lang.String)[pri:0, instance:Device_Journey.TestOne@4802796d]" started-at="2026-02-19T22:05:56 IST" name="precondition" finished-at="2026-02-19T22:06:02 IST" duration-ms="6219" status="PASS">
          <params>
            <param index="0">
              <value>
                <![CDATA[chrome]]>
              </value>
            </param>
          </params>
          <reporter-output>
          </reporter-output>
        </test-method> <!-- precondition -->
        <test-method signature="GetGoing()[pri:0, instance:Device_Journey.TestOne@4802796d]" started-at="2026-02-19T22:06:02 IST" name="GetGoing" finished-at="2026-02-19T22:06:02 IST" duration-ms="15" status="PASS">
          <reporter-output>
            <line>
              <![CDATA[Start]]>
            </line>
          </reporter-output>
        </test-method> <!-- GetGoing -->
        <test-method is-config="true" signature="postcondition()[pri:0, instance:Device_Journey.TestOne@4802796d]" started-at="2026-02-19T22:06:02 IST" name="postcondition" finished-at="2026-02-19T22:06:02 IST" duration-ms="182" status="PASS">
          <reporter-output>
          </reporter-output>
        </test-method> <!-- postcondition -->
      </class> <!-- Device_Journey.TestOne -->
    </test> <!-- Test -->
    <test started-at="2026-02-19T22:06:02 IST" name="TestA" finished-at="2026-02-19T22:06:08 IST" duration-ms="6212">
      <class name="Device_Journey.TestOne">
        <test-method is-config="true" signature="precondition(java.lang.String)[pri:0, instance:Device_Journey.TestOne@6989da5e]" started-at="2026-02-19T22:06:02 IST" name="precondition" finished-at="2026-02-19T22:06:07 IST" duration-ms="5357" status="PASS">
          <params>
            <param index="0">
              <value>
                <![CDATA[firefox]]>
              </value>
            </param>
          </params>
          <reporter-output>
          </reporter-output>
        </test-method> <!-- precondition -->
        <test-method signature="GetGoing()[pri:0, instance:Device_Journey.TestOne@6989da5e]" started-at="2026-02-19T22:06:07 IST" name="GetGoing" finished-at="2026-02-19T22:06:07 IST" duration-ms="4" status="PASS">
          <reporter-output>
            <line>
              <![CDATA[Start]]>
            </line>
          </reporter-output>
        </test-method> <!-- GetGoing -->
        <test-method is-config="true" signature="postcondition()[pri:0, instance:Device_Journey.TestOne@6989da5e]" started-at="2026-02-19T22:06:07 IST" name="postcondition" finished-at="2026-02-19T22:06:08 IST" duration-ms="842" status="PASS">
          <reporter-output>
          </reporter-output>
        </test-method> <!-- postcondition -->
      </class> <!-- Device_Journey.TestOne -->
    </test> <!-- TestA -->
  </suite> <!-- Suite -->
</testng-results>
