<?xml version="1.0" encoding="UTF-8"?>
<!-- Generated by org.testng.reporters.JUnitReportReporter -->
<testsuite hostname="DESKTOP-NGKVMJL" failures="0" tests="1" name="FrameOne.VerifyErrMsg" time="3.153" errors="0" timestamp="2026-02-15T15:55:19 IST" skipped="0">
  <testcase classname="FrameOne.VerifyErrMsg" name="testVerifyVersion" time="3.153">
    <system-out>
      <![CDATA[Error Message is Displayed]]>
    </system-out>
  </testcase> <!-- testVerifyVersion -->
  <system-out>
    <![CDATA[Error Message is Displayed]]>
  </system-out>
</testsuite> <!-- FrameOne.VerifyErrMsg -->
