<?xml version="1.0" encoding="UTF-8"?>
<!-- Generated by org.testng.reporters.JUnitReportReporter -->
<testsuite hostname="DESKTOP-NGKVMJL" failures="0" tests="3" name="QSP.DemoA" time="0.009" errors="0" timestamp="2026-02-06T19:40:58 IST" skipped="0">
  <testcase classname="QSP.DemoA" name="testB" time="0.007">
    <system-out>
      <![CDATA[Test B]]>
    </system-out>
  </testcase> <!-- testB -->
  <testcase classname="QSP.DemoA" name="testB" time="0.002">
    <system-out>
      <![CDATA[Test B]]>
    </system-out>
  </testcase> <!-- testB -->
  <testcase classname="QSP.DemoA" name="testA" time="0.000">
    <system-out>
      <![CDATA[Test A]]>
    </system-out>
  </testcase> <!-- testA -->
  <system-out>
    <![CDATA[Before Suite
Before Test
Before Class
Before Method
Test B
After Method
Before Method
Test B
After Method
Before Method
Test A
After Method
After Class
After Test
Before Test
Before Class
Before Method
Create UNuser Awith passwordA1
After Method
Before Method
Create UNuser Bwith passwordB1
After Method
After Class
After Test
After Suite]]>
  </system-out>
</testsuite> <!-- QSP.DemoA -->
