<?xml version="1.0" encoding="UTF-8"?>
<!-- Generated by org.testng.reporters.JUnitReportReporter -->
<testsuite hostname="DESKTOP-NGKVMJL" failures="0" tests="2" name="Device_Journey.TestOne" time="0.019" errors="0" timestamp="2026-02-19T22:06:08 IST" skipped="0">
  <testcase classname="Device_Journey.TestOne" name="GetGoing" time="0.015">
    <system-out>
      <![CDATA[Start]]>
    </system-out>
  </testcase> <!-- GetGoing -->
  <testcase classname="Device_Journey.TestOne" name="GetGoing" time="0.004">
    <system-out>
      <![CDATA[Start]]>
    </system-out>
  </testcase> <!-- GetGoing -->
  <system-out>
    <![CDATA[Start
Start]]>
  </system-out>
</testsuite> <!-- Device_Journey.TestOne -->
