<?xml version="1.0" encoding="UTF-8"?>
<!-- Generated by org.testng.reporters.JUnitReportReporter -->
<testsuite hostname="DESKTOP-NGKVMJL" failures="0" tests="2" name="QSP.DemoB" time="0.005" errors="0" timestamp="2026-02-06T19:40:58 IST" skipped="0">
  <testcase classname="QSP.DemoB" name="testC" time="0.002">
    <system-out>
      <![CDATA[Create UNuser Bwith passwordB1]]>
    </system-out>
  </testcase> <!-- testC -->
  <testcase classname="QSP.DemoB" name="testC" time="0.003">
    <system-out>
      <![CDATA[Create UNuser Awith passwordA1]]>
    </system-out>
  </testcase> <!-- testC -->
  <system-out>
    <![CDATA[Before Suite
Before Test
Before Class
Before Method
Test B
After Method
Before Method
Test B
After Method
Before Method
Test A
After Method
After Class
After Test
Before Test
Before Class
Before Method
Create UNuser Awith passwordA1
After Method
Before Method
Create UNuser Bwith passwordB1
After Method
After Class
After Test
After Suite]]>
  </system-out>
</testsuite> <!-- QSP.DemoB -->
